<?xml version="1.0" encoding="UTF-8"?>
<testsuites>
  <testsuite name="fastlane.lanes">
    
    
    
      
      <testcase classname="fastlane.lanes" name="0: default_platform" time="0.013207">
        
      </testcase>
    
      
      <testcase classname="fastlane.lanes" name="1: sonar" time="7.361179">
        
          <failure message="/Library/Ruby/Gems/2.3.0/gems/fastlane-2.119.0/fastlane/lib/fastlane/actions/actions_helper.rb:48:in `execute_action'&#10;/Library/Ruby/Gems/2.3.0/gems/fastlane-2.119.0/fastlane/lib/fastlane/runner.rb:232:in `block in execute_action'&#10;/Library/Ruby/Gems/2.3.0/gems/fastlane-2.119.0/fastlane/lib/fastlane/runner.rb:227:in `chdir'&#10;/Library/Ruby/Gems/2.3.0/gems/fastlane-2.119.0/fastlane/lib/fastlane/runner.rb:227:in `execute_action'&#10;/Library/Ruby/Gems/2.3.0/gems/fastlane-2.119.0/fastlane/lib/fastlane/runner.rb:157:in `trigger_action_by_name'&#10;/Library/Ruby/Gems/2.3.0/gems/fastlane-2.119.0/fastlane/lib/fastlane/fast_file.rb:154:in `method_missing'&#10;Fastfile:22:in `block (2 levels) in parsing_binding'&#10;/Library/Ruby/Gems/2.3.0/gems/fastlane-2.119.0/fastlane/lib/fastlane/lane.rb:33:in `call'&#10;/Library/Ruby/Gems/2.3.0/gems/fastlane-2.119.0/fastlane/lib/fastlane/runner.rb:49:in `block in execute'&#10;/Library/Ruby/Gems/2.3.0/gems/fastlane-2.119.0/fastlane/lib/fastlane/runner.rb:45:in `chdir'&#10;/Library/Ruby/Gems/2.3.0/gems/fastlane-2.119.0/fastlane/lib/fastlane/runner.rb:45:in `execute'&#10;/Library/Ruby/Gems/2.3.0/gems/fastlane-2.119.0/fastlane/lib/fastlane/lane_manager.rb:56:in `cruise_lane'&#10;/Library/Ruby/Gems/2.3.0/gems/fastlane-2.119.0/fastlane/lib/fastlane/command_line_handler.rb:36:in `handle'&#10;/Library/Ruby/Gems/2.3.0/gems/fastlane-2.119.0/fastlane/lib/fastlane/commands_generator.rb:108:in `block (2 levels) in run'&#10;/Library/Ruby/Gems/2.3.0/gems/commander-fastlane-4.4.6/lib/commander/command.rb:178:in `call'&#10;/Library/Ruby/Gems/2.3.0/gems/commander-fastlane-4.4.6/lib/commander/command.rb:153:in `run'&#10;/Library/Ruby/Gems/2.3.0/gems/commander-fastlane-4.4.6/lib/commander/runner.rb:476:in `run_active_command'&#10;/Library/Ruby/Gems/2.3.0/gems/fastlane-2.119.0/fastlane_core/lib/fastlane_core/ui/fastlane_runner.rb:76:in `run!'&#10;/Library/Ruby/Gems/2.3.0/gems/commander-fastlane-4.4.6/lib/commander/delegates.rb:15:in `run!'&#10;/Library/Ruby/Gems/2.3.0/gems/fastlane-2.119.0/fastlane/lib/fastlane/commands_generator.rb:333:in `run'&#10;/Library/Ruby/Gems/2.3.0/gems/fastlane-2.119.0/fastlane/lib/fastlane/commands_generator.rb:41:in `start'&#10;/Library/Ruby/Gems/2.3.0/gems/fastlane-2.119.0/fastlane/lib/fastlane/cli_tools_distributor.rb:119:in `take_off'&#10;/Library/Ruby/Gems/2.3.0/gems/fastlane-2.119.0/bin/fastlane:23:in `&lt;top (required)&gt;'&#10;/usr/local/bin/fastlane:22:in `load'&#10;/usr/local/bin/fastlane:22:in `&lt;main&gt;'&#10;&#10;Shell command exited with exit status 1 instead of 0.&#10;INFO: Scanner configuration file: /usr/local/Cellar/sonar-scanner/3.3.0.1492/libexec/conf/sonar-scanner.properties&#10;INFO: Project root configuration file: /Users/parvindbhatt/Desktop/DemoApplication/DemoApp/sonar-project.properties&#10;INFO: SonarQube Scanner 3.3.0.1492&#10;INFO: Java 1.8.0_201 Oracle Corporation (64-bit)&#10;INFO: Mac OS X 10.14.4 x86_64&#10;INFO: User cache: /Users/parvindbhatt/.sonar/cache&#10;INFO: SonarQube server 6.7.6&#10;INFO: Default locale: &quot;en_IN&quot;, source code encoding: &quot;UTF-8&quot; (analysis is platform dependent)&#10;INFO: Publish mode&#10;INFO: Load global settings&#10;INFO: Load global settings (done) | time=139ms&#10;INFO: Server id: BF41A1F2-AWjk2Ilgq2kSLL5vL-ES&#10;INFO: User cache: /Users/parvindbhatt/.sonar/cache&#10;INFO: Load plugins index&#10;INFO: Load plugins index (done) | time=60ms&#10;INFO: Process project properties&#10;INFO: Load project repositories&#10;INFO: Load project repositories (done) | time=181ms&#10;INFO: Load quality profiles&#10;INFO: Load quality profiles (done) | time=69ms&#10;INFO: Load active rules&#10;INFO: Load active rules (done) | time=1181ms&#10;INFO: Load metrics repository&#10;INFO: Load metrics repository (done) | time=35ms&#10;INFO: Project key: DemoApp&#10;INFO: -------------  Scan DemoApp&#10;INFO: Load server rules&#10;INFO: Load server rules (done) | time=132ms&#10;INFO: Base dir: /Users/parvindbhatt/Desktop/DemoApplication/DemoApp&#10;INFO: Working dir: /Users/parvindbhatt/Desktop/DemoApplication/DemoApp/.scannerwork&#10;INFO: Source paths: DemoApp&#10;INFO: Source encoding: UTF-8, default locale: en_IN&#10;INFO: Language is forced to swift&#10;INFO: Index files&#10;WARN: File '/Users/parvindbhatt/Desktop/DemoApplication/DemoApp/DemoApp/Assets.xcassets/AppIcon.appiconset/Contents.json' is ignored because it doesn't belong to the forced language 'swift'&#10;WARN: File '/Users/parvindbhatt/Desktop/DemoApplication/DemoApp/DemoApp/Assets.xcassets/temperature.imageset/images.jpeg' is ignored because it doesn't belong to the forced language 'swift'&#10;WARN: File '/Users/parvindbhatt/Desktop/DemoApplication/DemoApp/DemoApp/Assets.xcassets/temperature.imageset/images-2.jpeg' is ignored because it doesn't belong to the forced language 'swift'&#10;WARN: File '/Users/parvindbhatt/Desktop/DemoApplication/DemoApp/DemoApp/Assets.xcassets/temperature.imageset/Contents.json' is ignored because it doesn't belong to the forced language 'swift'&#10;WARN: File '/Users/parvindbhatt/Desktop/DemoApplication/DemoApp/DemoApp/Assets.xcassets/temperature.imageset/images-1.jpeg' is ignored because it doesn't belong to the forced language 'swift'&#10;WARN: File '/Users/parvindbhatt/Desktop/DemoApplication/DemoApp/DemoApp/Assets.xcassets/Contents.json' is ignored because it doesn't belong to the forced language 'swift'&#10;WARN: File '/Users/parvindbhatt/Desktop/DemoApplication/DemoApp/DemoApp/Base.lproj/LaunchScreen.storyboard' is ignored because it doesn't belong to the forced language 'swift'&#10;WARN: File '/Users/parvindbhatt/Desktop/DemoApplication/DemoApp/DemoApp/Base.lproj/Main.storyboard' is ignored because it doesn't belong to the forced language 'swift'&#10;WARN: File '/Users/parvindbhatt/Desktop/DemoApplication/DemoApp/DemoApp/APIManager/Current.json' is ignored because it doesn't belong to the forced language 'swift'&#10;WARN: File '/Users/parvindbhatt/Desktop/DemoApplication/DemoApp/DemoApp/APIManager/Forecast.json' is ignored because it doesn't belong to the forced language 'swift'&#10;WARN: File '/Users/parvindbhatt/Desktop/DemoApplication/DemoApp/DemoApp/Info.plist' is ignored because it doesn't belong to the forced language 'swift'&#10;INFO: 8 files indexed&#10;INFO: Quality profile for swift: Swift&#10;INFO: Sensor SwiftLint [backelitesonarswiftplugin]&#10;INFO: Sensor SwiftLint [backelitesonarswiftplugin] (done) | time=12ms&#10;INFO: Sensor Tailor [backelitesonarswiftplugin]&#10;INFO: Sensor Tailor [backelitesonarswiftplugin] (done) | time=1ms&#10;INFO: Sensor Swift Squid [backelitesonarswiftplugin]&#10;WARN: Metric 'lines' is an internal metric computed by SonarQube. Provided value is ignored.&#10;INFO: Sensor Swift Squid [backelitesonarswiftplugin] (done) | time=101ms&#10;INFO: Sensor Surefire [backelitesonarswiftplugin]&#10;INFO: Processing Surefire report TEST-report.xml&#10;INFO: Unable to locate test source file DemoAppTests/**/DemoAppTests.swift&#10;INFO: Unable to locate test source file DemoAppTests/DemoAppTests.m&#10;INFO: Unable to locate test source file DemoAppTests/**/DemoAppTests.swift&#10;INFO: Unable to locate test source file DemoAppTests/DemoAppTests.m&#10;INFO: Unable to locate test source file DemoAppTests/**/DemoAppTests.swift&#10;INFO: Unable to locate test source file DemoAppTests/DemoAppTests.m&#10;INFO: Unable to locate test source file DemoAppUITests/**/DemoAppUITests.swift&#10;INFO: Unable to locate test source file DemoAppUITests/DemoAppUITests.m&#10;INFO: Unable to locate test source file DemoAppUITests/**/DemoAppUITests.swift&#10;INFO: Unable to locate test source file DemoAppUITests/DemoAppUITests.m&#10;INFO: Unable to locate test source file DemoAppUITests/**/DemoAppUITests.swift&#10;INFO: Unable to locate test source file DemoAppUITests/DemoAppUITests.m&#10;INFO: Sensor Surefire [backelitesonarswiftplugin] (done) | time=96ms&#10;INFO: Sensor Cobertura [backelitesonarswiftplugin]&#10;INFO: Processing Cobertura report sonar-reports/coverage-swift.xml&#10;INFO: Sensor Cobertura [backelitesonarswiftplugin] (done) | time=1298ms&#10;INFO: Sensor Lizard [backelitesonarswiftplugin]&#10;INFO: Processing complexity report: /Users/parvindbhatt/Desktop/DemoApplication/DemoApp/sonar-reports/lizard-report.xml&#10;ERROR: Lizard Report not found /Users/parvindbhatt/Desktop/DemoApplication/DemoApp/sonar-reports/lizard-report.xml&#10;java.io.FileNotFoundException: /Users/parvindbhatt/Desktop/DemoApplication/DemoApp/sonar-reports/lizard-report.xml (No such file or directory)&#10;	at java.io.FileInputStream.open0(Native Method)&#10;	at java.io.FileInputStream.open(FileInputStream.java:195)&#10;	at java.io.FileInputStream.&lt;init&gt;(FileInputStream.java:138)&#10;	at java.io.FileInputStream.&lt;init&gt;(FileInputStream.java:93)&#10;	at sun.net.www.protocol.file.FileURLConnection.connect(FileURLConnection.java:90)&#10;	at sun.net.www.protocol.file.FileURLConnection.getInputStream(FileURLConnection.java:188)&#10;	at com.sun.org.apache.xerces.internal.impl.XMLEntityManager.setupCurrentEntity(XMLEntityManager.java:623)&#10;	at com.sun.org.apache.xerces.internal.impl.XMLVersionDetector.determineDocVersion(XMLVersionDetector.java:148)&#10;	at com.sun.org.apache.xerces.internal.parsers.XML11Configuration.parse(XML11Configuration.java:806)&#10;	at com.sun.org.apache.xerces.internal.parsers.XML11Configuration.parse(XML11Configuration.java:771)&#10;	at com.sun.org.apache.xerces.internal.parsers.XMLParser.parse(XMLParser.java:141)&#10;	at com.sun.org.apache.xerces.internal.parsers.DOMParser.parse(DOMParser.java:243)&#10;	at com.sun.org.apache.xerces.internal.jaxp.DocumentBuilderImpl.parse(DocumentBuilderImpl.java:339)&#10;	at javax.xml.parsers.DocumentBuilder.parse(DocumentBuilder.java:205)&#10;	at com.backelite.sonarqube.swift.complexity.LizardReportParser.parseReport(LizardReportParser.java:67)&#10;	at com.backelite.sonarqube.swift.complexity.LizardSensor.execute(LizardSensor.java:63)&#10;	at org.sonar.scanner.sensor.SensorWrapper.analyse(SensorWrapper.java:53)&#10;	at org.sonar.scanner.phases.SensorsExecutor.executeSensor(SensorsExecutor.java:88)&#10;	at org.sonar.scanner.phases.SensorsExecutor.execute(SensorsExecutor.java:82)&#10;	at org.sonar.scanner.phases.SensorsExecutor.execute(SensorsExecutor.java:68)&#10;	at org.sonar.scanner.phases.AbstractPhaseExecutor.execute(AbstractPhaseExecutor.java:88)&#10;	at org.sonar.scanner.scan.ModuleScanContainer.doAfterStart(ModuleScanContainer.java:177)&#10;	at org.sonar.core.platform.ComponentContainer.startComponents(ComponentContainer.java:135)&#10;	at org.sonar.core.platform.ComponentContainer.execute(ComponentContainer.java:121)&#10;	at org.sonar.scanner.scan.ProjectScanContainer.scan(ProjectScanContainer.java:291)&#10;	at org.sonar.scanner.scan.ProjectScanContainer.scanRecursively(ProjectScanContainer.java:286)&#10;	at org.sonar.scanner.scan.ProjectScanContainer.doAfterStart(ProjectScanContainer.java:264)&#10;	at org.sonar.core.platform.ComponentContainer.startComponents(ComponentContainer.java:135)&#10;	at org.sonar.core.platform.ComponentContainer.execute(ComponentContainer.java:121)&#10;	at org.sonar.scanner.task.ScanTask.execute(ScanTask.java:48)&#10;	at org.sonar.scanner.task.TaskContainer.doAfterStart(TaskContainer.java:84)&#10;	at org.sonar.core.platform.ComponentContainer.startComponents(ComponentContainer.java:135)&#10;	at org.sonar.core.platform.ComponentContainer.execute(ComponentContainer.java:121)&#10;	at org.sonar.scanner.bootstrap.GlobalContainer.executeTask(GlobalContainer.java:121)&#10;	at org.sonar.batch.bootstrapper.Batch.doExecuteTask(Batch.java:116)&#10;	at org.sonar.batch.bootstrapper.Batch.execute(Batch.java:71)&#10;	at org.sonarsource.scanner.api.internal.batch.BatchIsolatedLauncher.execute(BatchIsolatedLauncher.java:46)&#10;	at sun.reflect.NativeMethodAccessorImpl.invoke0(Native Method)&#10;	at sun.reflect.NativeMethodAccessorImpl.invoke(NativeMethodAccessorImpl.java:62)&#10;	at sun.reflect.DelegatingMethodAccessorImpl.invoke(DelegatingMethodAccessorImpl.java:43)&#10;	at java.lang.reflect.Method.invoke(Method.java:498)&#10;	at org.sonarsource.scanner.api.internal.IsolatedLauncherProxy.invoke(IsolatedLauncherProxy.java:60)&#10;	at com.sun.proxy.$Proxy0.execute(Unknown Source)&#10;	at org.sonarsource.scanner.api.EmbeddedScanner.doExecute(EmbeddedScanner.java:185)&#10;	at org.sonarsource.scanner.api.EmbeddedScanner.execute(EmbeddedScanner.java:137)&#10;	at org.sonarsource.scanner.cli.Main.execute(Main.java:111)&#10;	at org.sonarsource.scanner.cli.Main.execute(Main.java:75)&#10;	at org.sonarsource.scanner.cli.Main.main(Main.java:61)&#10;&#10;INFO: Sensor Lizard [backelitesonarswiftplugin] (done) | time=4ms&#10;INFO: Sensor SonarJavaXmlFileSensor [java]&#10;INFO: Sensor SonarJavaXmlFileSensor [java] (done) | time=1ms&#10;INFO: Sensor Analyzer for &quot;php.ini&quot; files [php]&#10;INFO: Sensor Analyzer for &quot;php.ini&quot; files [php] (done) | time=4ms&#10;INFO: Sensor Zero Coverage Sensor&#10;INFO: Sensor Zero Coverage Sensor (done) | time=22ms&#10;INFO: Sensor CPD Block Indexer&#10;INFO: Sensor CPD Block Indexer (done) | time=0ms&#10;INFO: Calculating CPD for 0 files&#10;INFO: CPD calculation finished&#10;INFO: Analysis report generated in 94ms, dir size=55 KB&#10;INFO: Analysis reports compressed in 34ms, zip size=22 KB&#10;INFO: Analysis report uploaded in 65ms&#10;INFO: ANALYSIS SUCCESSFUL, you can browse http://localhost:9000/dashboard/index/DemoApp&#10;INFO: Note that you will be able to access the updated dashboard once the server has processed the submitted analysis report&#10;INFO: More about the report processing at http://localhost:9000/api/ce/task?id=AWnC3u4gSqVEvaXkd6FX&#10;INFO: ------------------------------------------------------------------------&#10;INFO: EXECUTION FAILURE&#10;INFO: ------------------------------------------------------------------------&#10;INFO: Total time: 7.053s&#10;INFO: Final Memory: 17M/264M&#10;INFO: ------------------------------------------------------------------------&#10;ERROR: Error during SonarQube Scanner execution&#10;ERROR: org.sonar.api.resources.Project.getConfiguration()Lorg/apache/commons/configuration/Configuration;&#10;ERROR: &#10;ERROR: Re-run SonarQube Scanner using the -X switch to enable full debug logging.&#10;" />
        
      </testcase>
    
  </testsuite>
</testsuites>
